{"C:\\Users\\user\\Desktop\\crud-api\\server.js": {"path":"C:\\Users\\user\\Desktop\\crud-api\\server.js","statementMap":{"0":{"start":{"line":1,"column":13},"end":{"line":1,"column":28}},"1":{"start":{"line":2,"column":15},"end":{"line":2,"column":32}},"2":{"start":{"line":3,"column":15},"end":{"line":3,"column":44}},"3":{"start":{"line":5,"column":83},"end":{"line":5,"column":105}},"4":{"start":{"line":6,"column":25},"end":{"line":6,"column":54}},"5":{"start":{"line":7,"column":34},"end":{"line":7,"column":52}},"6":{"start":{"line":9,"column":24},"end":{"line":9,"column":82}},"7":{"start":{"line":9,"column":33},"end":{"line":9,"column":82}},"8":{"start":{"line":11,"column":23},"end":{"line":117,"column":1}},"9":{"start":{"line":12,"column":19},"end":{"line":12,"column":29}},"10":{"start":{"line":14,"column":14},"end":{"line":14,"column":21}},"11":{"start":{"line":17,"column":4},"end":{"line":17,"column":68}},"12":{"start":{"line":19,"column":4},"end":{"line":19,"column":25}},"13":{"start":{"line":21,"column":4},"end":{"line":21,"column":34}},"14":{"start":{"line":23,"column":4},"end":{"line":114,"column":5}},"15":{"start":{"line":24,"column":21},"end":{"line":24,"column":49}},"16":{"start":{"line":26,"column":8},"end":{"line":35,"column":9}},"17":{"start":{"line":27,"column":12},"end":{"line":27,"column":33}},"18":{"start":{"line":28,"column":12},"end":{"line":28,"column":69}},"19":{"start":{"line":30,"column":25},"end":{"line":30,"column":32}},"20":{"start":{"line":31,"column":25},"end":{"line":31,"column":44}},"21":{"start":{"line":32,"column":12},"end":{"line":33,"column":37}},"22":{"start":{"line":32,"column":23},"end":{"line":32,"column":44}},"23":{"start":{"line":33,"column":17},"end":{"line":33,"column":37}},"24":{"start":{"line":34,"column":12},"end":{"line":34,"column":60}},"25":{"start":{"line":37,"column":11},"end":{"line":114,"column":5}},"26":{"start":{"line":39,"column":8},"end":{"line":39,"column":29}},"27":{"start":{"line":40,"column":8},"end":{"line":40,"column":55}},"28":{"start":{"line":42,"column":11},"end":{"line":114,"column":5}},"29":{"start":{"line":43,"column":23},"end":{"line":43,"column":51}},"30":{"start":{"line":45,"column":8},"end":{"line":65,"column":9}},"31":{"start":{"line":46,"column":12},"end":{"line":46,"column":33}},"32":{"start":{"line":47,"column":12},"end":{"line":47,"column":69}},"33":{"start":{"line":49,"column":25},"end":{"line":49,"column":34}},"34":{"start":{"line":50,"column":25},"end":{"line":50,"column":44}},"35":{"start":{"line":52,"column":12},"end":{"line":64,"column":13}},"36":{"start":{"line":53,"column":16},"end":{"line":53,"column":37}},"37":{"start":{"line":54,"column":16},"end":{"line":54,"column":70}},"38":{"start":{"line":56,"column":29},"end":{"line":56,"column":49}},"39":{"start":{"line":58,"column":35},"end":{"line":58,"column":56}},"40":{"start":{"line":60,"column":29},"end":{"line":60,"column":63}},"41":{"start":{"line":62,"column":16},"end":{"line":62,"column":37}},"42":{"start":{"line":63,"column":16},"end":{"line":63,"column":52}},"43":{"start":{"line":67,"column":11},"end":{"line":114,"column":5}},"44":{"start":{"line":68,"column":28},"end":{"line":68,"column":48}},"45":{"start":{"line":70,"column":8},"end":{"line":73,"column":9}},"46":{"start":{"line":71,"column":12},"end":{"line":71,"column":33}},"47":{"start":{"line":72,"column":12},"end":{"line":72,"column":65}},"48":{"start":{"line":75,"column":8},"end":{"line":93,"column":9}},"49":{"start":{"line":76,"column":27},"end":{"line":76,"column":46}},"50":{"start":{"line":78,"column":28},"end":{"line":81,"column":13}},"51":{"start":{"line":83,"column":12},"end":{"line":83,"column":39}},"52":{"start":{"line":85,"column":12},"end":{"line":85,"column":33}},"53":{"start":{"line":87,"column":12},"end":{"line":87,"column":51}},"54":{"start":{"line":89,"column":12},"end":{"line":89,"column":33}},"55":{"start":{"line":90,"column":12},"end":{"line":92,"column":15}},"56":{"start":{"line":94,"column":11},"end":{"line":114,"column":5}},"57":{"start":{"line":95,"column":23},"end":{"line":95,"column":51}},"58":{"start":{"line":97,"column":8},"end":{"line":110,"column":9}},"59":{"start":{"line":98,"column":12},"end":{"line":98,"column":33}},"60":{"start":{"line":99,"column":12},"end":{"line":99,"column":69}},"61":{"start":{"line":101,"column":25},"end":{"line":101,"column":34}},"62":{"start":{"line":103,"column":12},"end":{"line":109,"column":13}},"63":{"start":{"line":104,"column":16},"end":{"line":104,"column":37}},"64":{"start":{"line":105,"column":16},"end":{"line":105,"column":70}},"65":{"start":{"line":107,"column":16},"end":{"line":107,"column":39}},"66":{"start":{"line":108,"column":16},"end":{"line":108,"column":37}},"67":{"start":{"line":112,"column":8},"end":{"line":112,"column":29}},"68":{"start":{"line":113,"column":8},"end":{"line":113,"column":70}},"69":{"start":{"line":116,"column":4},"end":{"line":116,"column":47}},"70":{"start":{"line":119,"column":12},"end":{"line":140,"column":1}},"71":{"start":{"line":120,"column":4},"end":{"line":120,"column":45}},"72":{"start":{"line":120,"column":22},"end":{"line":120,"column":45}},"73":{"start":{"line":122,"column":19},"end":{"line":137,"column":6}},"74":{"start":{"line":123,"column":8},"end":{"line":136,"column":9}},"75":{"start":{"line":124,"column":25},"end":{"line":124,"column":55}},"76":{"start":{"line":125,"column":12},"end":{"line":125,"column":30}},"77":{"start":{"line":126,"column":12},"end":{"line":132,"column":13}},"78":{"start":{"line":127,"column":16},"end":{"line":127,"column":37}},"79":{"start":{"line":128,"column":16},"end":{"line":128,"column":64}},"80":{"start":{"line":130,"column":16},"end":{"line":130,"column":45}},"81":{"start":{"line":131,"column":16},"end":{"line":131,"column":39}},"82":{"start":{"line":134,"column":12},"end":{"line":134,"column":33}},"83":{"start":{"line":135,"column":12},"end":{"line":135,"column":80}},"84":{"start":{"line":139,"column":4},"end":{"line":139,"column":18}},"85":{"start":{"line":142,"column":0},"end":{"line":144,"column":1}}},"fnMap":{"0":{"name":"(anonymous_0)","decl":{"start":{"line":9,"column":24},"end":{"line":9,"column":25}},"loc":{"start":{"line":9,"column":33},"end":{"line":9,"column":82}},"line":9},"1":{"name":"(anonymous_1)","decl":{"start":{"line":11,"column":23},"end":{"line":11,"column":24}},"loc":{"start":{"line":11,"column":43},"end":{"line":117,"column":1}},"line":11},"2":{"name":"(anonymous_2)","decl":{"start":{"line":119,"column":12},"end":{"line":119,"column":13}},"loc":{"start":{"line":119,"column":28},"end":{"line":140,"column":1}},"line":119},"3":{"name":"(anonymous_3)","decl":{"start":{"line":122,"column":37},"end":{"line":122,"column":38}},"loc":{"start":{"line":122,"column":57},"end":{"line":137,"column":5}},"line":122}},"branchMap":{"0":{"loc":{"start":{"line":23,"column":4},"end":{"line":114,"column":5}},"type":"if","locations":[{"start":{"line":23,"column":4},"end":{"line":114,"column":5}},{"start":{"line":37,"column":11},"end":{"line":114,"column":5}}],"line":23},"1":{"loc":{"start":{"line":23,"column":8},"end":{"line":23,"column":79}},"type":"binary-expr","locations":[{"start":{"line":23,"column":9},"end":{"line":23,"column":47}},{"start":{"line":23,"column":52},"end":{"line":23,"column":79}}],"line":23},"2":{"loc":{"start":{"line":26,"column":8},"end":{"line":35,"column":9}},"type":"if","locations":[{"start":{"line":26,"column":8},"end":{"line":35,"column":9}},{"start":{"line":29,"column":15},"end":{"line":35,"column":9}}],"line":26},"3":{"loc":{"start":{"line":32,"column":12},"end":{"line":33,"column":37}},"type":"if","locations":[{"start":{"line":32,"column":12},"end":{"line":33,"column":37}},{"start":{"line":33,"column":17},"end":{"line":33,"column":37}}],"line":32},"4":{"loc":{"start":{"line":34,"column":46},"end":{"line":34,"column":56}},"type":"binary-expr","locations":[{"start":{"line":34,"column":46},"end":{"line":34,"column":50}},{"start":{"line":34,"column":54},"end":{"line":34,"column":56}}],"line":34},"5":{"loc":{"start":{"line":37,"column":11},"end":{"line":114,"column":5}},"type":"if","locations":[{"start":{"line":37,"column":11},"end":{"line":114,"column":5}},{"start":{"line":42,"column":11},"end":{"line":114,"column":5}}],"line":37},"6":{"loc":{"start":{"line":37,"column":15},"end":{"line":37,"column":75}},"type":"binary-expr","locations":[{"start":{"line":37,"column":15},"end":{"line":37,"column":45}},{"start":{"line":37,"column":49},"end":{"line":37,"column":75}}],"line":37},"7":{"loc":{"start":{"line":42,"column":11},"end":{"line":114,"column":5}},"type":"if","locations":[{"start":{"line":42,"column":11},"end":{"line":114,"column":5}},{"start":{"line":67,"column":11},"end":{"line":114,"column":5}}],"line":42},"8":{"loc":{"start":{"line":42,"column":15},"end":{"line":42,"column":86}},"type":"binary-expr","locations":[{"start":{"line":42,"column":16},"end":{"line":42,"column":54}},{"start":{"line":42,"column":59},"end":{"line":42,"column":86}}],"line":42},"9":{"loc":{"start":{"line":45,"column":8},"end":{"line":65,"column":9}},"type":"if","locations":[{"start":{"line":45,"column":8},"end":{"line":65,"column":9}},{"start":{"line":48,"column":15},"end":{"line":65,"column":9}}],"line":45},"10":{"loc":{"start":{"line":52,"column":12},"end":{"line":64,"column":13}},"type":"if","locations":[{"start":{"line":52,"column":12},"end":{"line":64,"column":13}},{"start":{"line":55,"column":19},"end":{"line":64,"column":13}}],"line":52},"11":{"loc":{"start":{"line":58,"column":35},"end":{"line":58,"column":56}},"type":"cond-expr","locations":[{"start":{"line":58,"column":42},"end":{"line":58,"column":51}},{"start":{"line":58,"column":54},"end":{"line":58,"column":56}}],"line":58},"12":{"loc":{"start":{"line":67,"column":11},"end":{"line":114,"column":5}},"type":"if","locations":[{"start":{"line":67,"column":11},"end":{"line":114,"column":5}},{"start":{"line":94,"column":11},"end":{"line":114,"column":5}}],"line":67},"13":{"loc":{"start":{"line":67,"column":15},"end":{"line":67,"column":77}},"type":"binary-expr","locations":[{"start":{"line":67,"column":15},"end":{"line":67,"column":45}},{"start":{"line":67,"column":49},"end":{"line":67,"column":77}}],"line":67},"14":{"loc":{"start":{"line":70,"column":8},"end":{"line":73,"column":9}},"type":"if","locations":[{"start":{"line":70,"column":8},"end":{"line":73,"column":9}},{"start":{},"end":{}}],"line":70},"15":{"loc":{"start":{"line":75,"column":8},"end":{"line":93,"column":9}},"type":"if","locations":[{"start":{"line":75,"column":8},"end":{"line":93,"column":9}},{"start":{"line":88,"column":15},"end":{"line":93,"column":9}}],"line":75},"16":{"loc":{"start":{"line":94,"column":11},"end":{"line":114,"column":5}},"type":"if","locations":[{"start":{"line":94,"column":11},"end":{"line":114,"column":5}},{"start":{"line":111,"column":11},"end":{"line":114,"column":5}}],"line":94},"17":{"loc":{"start":{"line":94,"column":15},"end":{"line":94,"column":89}},"type":"binary-expr","locations":[{"start":{"line":94,"column":16},"end":{"line":94,"column":54}},{"start":{"line":94,"column":59},"end":{"line":94,"column":89}}],"line":94},"18":{"loc":{"start":{"line":97,"column":8},"end":{"line":110,"column":9}},"type":"if","locations":[{"start":{"line":97,"column":8},"end":{"line":110,"column":9}},{"start":{"line":100,"column":15},"end":{"line":110,"column":9}}],"line":97},"19":{"loc":{"start":{"line":103,"column":12},"end":{"line":109,"column":13}},"type":"if","locations":[{"start":{"line":103,"column":12},"end":{"line":109,"column":13}},{"start":{"line":106,"column":19},"end":{"line":109,"column":13}}],"line":103},"20":{"loc":{"start":{"line":119,"column":13},"end":{"line":119,"column":23}},"type":"default-arg","locations":[{"start":{"line":119,"column":21},"end":{"line":119,"column":23}}],"line":119},"21":{"loc":{"start":{"line":120,"column":4},"end":{"line":120,"column":45}},"type":"if","locations":[{"start":{"line":120,"column":4},"end":{"line":120,"column":45}},{"start":{},"end":{}}],"line":120},"22":{"loc":{"start":{"line":126,"column":12},"end":{"line":132,"column":13}},"type":"if","locations":[{"start":{"line":126,"column":12},"end":{"line":132,"column":13}},{"start":{"line":129,"column":19},"end":{"line":132,"column":13}}],"line":126},"23":{"loc":{"start":{"line":135,"column":44},"end":{"line":135,"column":75}},"type":"binary-expr","locations":[{"start":{"line":135,"column":44},"end":{"line":135,"column":53}},{"start":{"line":135,"column":57},"end":{"line":135,"column":75}}],"line":135}},"s":{"0":1,"1":1,"2":1,"3":1,"4":1,"5":1,"6":1,"7":8,"8":1,"9":8,"10":8,"11":8,"12":8,"13":8,"14":8,"15":2,"16":2,"17":0,"18":0,"19":2,"20":2,"21":2,"22":1,"23":1,"24":2,"25":6,"26":2,"27":2,"28":4,"29":0,"30":0,"31":0,"32":0,"33":0,"34":0,"35":0,"36":0,"37":0,"38":0,"39":0,"40":0,"41":0,"42":0,"43":4,"44":1,"45":1,"46":0,"47":0,"48":1,"49":1,"50":1,"51":1,"52":1,"53":1,"54":0,"55":0,"56":3,"57":3,"58":3,"59":1,"60":1,"61":2,"62":2,"63":1,"64":1,"65":1,"66":1,"67":0,"68":0,"69":8,"70":1,"71":1,"72":1,"73":1,"74":8,"75":8,"76":8,"77":8,"78":0,"79":0,"80":8,"81":8,"82":0,"83":0,"84":1,"85":1},"f":{"0":8,"1":8,"2":1,"3":8},"b":{"0":[2,6],"1":[8,5],"2":[0,2],"3":[1,1],"4":[2,1],"5":[2,4],"6":[6,3],"7":[0,4],"8":[4,3],"9":[0,0],"10":[0,0],"11":[0,0],"12":[1,3],"13":[4,1],"14":[0,1],"15":[1,0],"16":[3,0],"17":[3,3],"18":[1,2],"19":[1,1],"20":[0],"21":[1,0],"22":[0,8],"23":[0,0]},"_coverageSchema":"1a1c01bbd47fc00a2c39e90264f33305004495a9","hash":"626b12a406a8723efb391d238aa071582b733ebd"}
,"C:\\Users\\user\\Desktop\\crud-api\\constants\\index.js": {"path":"C:\\Users\\user\\Desktop\\crud-api\\constants\\index.js","statementMap":{"0":{"start":{"line":1,"column":26},"end":{"line":1,"column":128}},"1":{"start":{"line":2,"column":25},"end":{"line":2,"column":44}},"2":{"start":{"line":3,"column":26},"end":{"line":3,"column":39}},"3":{"start":{"line":4,"column":28},"end":{"line":4,"column":45}},"4":{"start":{"line":6,"column":21},"end":{"line":11,"column":1}},"5":{"start":{"line":14,"column":0},"end":{"line":20,"column":1}}},"fnMap":{},"branchMap":{},"s":{"0":1,"1":1,"2":1,"3":1,"4":1,"5":1},"f":{},"b":{},"_coverageSchema":"1a1c01bbd47fc00a2c39e90264f33305004495a9","hash":"b555a5e7d2fb672bc6b3775f27d47fcdeeeea209"}
,"C:\\Users\\user\\Desktop\\crud-api\\controllers\\User.js": {"path":"C:\\Users\\user\\Desktop\\crud-api\\controllers\\User.js","statementMap":{"0":{"start":{"line":1,"column":15},"end":{"line":1,"column":32}},"1":{"start":{"line":5,"column":8},"end":{"line":5,"column":37}},"2":{"start":{"line":9,"column":8},"end":{"line":9,"column":37}},"3":{"start":{"line":13,"column":8},"end":{"line":13,"column":36}},"4":{"start":{"line":17,"column":8},"end":{"line":17,"column":60}},"5":{"start":{"line":17,"column":46},"end":{"line":17,"column":58}},"6":{"start":{"line":21,"column":8},"end":{"line":26,"column":10}},"7":{"start":{"line":22,"column":12},"end":{"line":24,"column":13}},"8":{"start":{"line":23,"column":16},"end":{"line":23,"column":37}},"9":{"start":{"line":25,"column":12},"end":{"line":25,"column":20}},"10":{"start":{"line":28,"column":8},"end":{"line":28,"column":32}},"11":{"start":{"line":32,"column":8},"end":{"line":32,"column":96}},"12":{"start":{"line":32,"column":64},"end":{"line":32,"column":76}},"13":{"start":{"line":32,"column":90},"end":{"line":32,"column":94}},"14":{"start":{"line":36,"column":8},"end":{"line":36,"column":52}},"15":{"start":{"line":36,"column":22},"end":{"line":36,"column":52}},"16":{"start":{"line":37,"column":8},"end":{"line":37,"column":40}},"17":{"start":{"line":41,"column":8},"end":{"line":41,"column":61}},"18":{"start":{"line":46,"column":0},"end":{"line":46,"column":32}}},"fnMap":{"0":{"name":"(anonymous_0)","decl":{"start":{"line":4,"column":4},"end":{"line":4,"column":5}},"loc":{"start":{"line":4,"column":24},"end":{"line":6,"column":5}},"line":4},"1":{"name":"(anonymous_1)","decl":{"start":{"line":8,"column":4},"end":{"line":8,"column":5}},"loc":{"start":{"line":8,"column":21},"end":{"line":10,"column":5}},"line":8},"2":{"name":"(anonymous_2)","decl":{"start":{"line":12,"column":4},"end":{"line":12,"column":5}},"loc":{"start":{"line":12,"column":14},"end":{"line":14,"column":5}},"line":12},"3":{"name":"(anonymous_3)","decl":{"start":{"line":16,"column":4},"end":{"line":16,"column":5}},"loc":{"start":{"line":16,"column":17},"end":{"line":18,"column":5}},"line":16},"4":{"name":"(anonymous_4)","decl":{"start":{"line":17,"column":41},"end":{"line":17,"column":42}},"loc":{"start":{"line":17,"column":46},"end":{"line":17,"column":58}},"line":17},"5":{"name":"(anonymous_5)","decl":{"start":{"line":20,"column":4},"end":{"line":20,"column":5}},"loc":{"start":{"line":20,"column":26},"end":{"line":29,"column":5}},"line":20},"6":{"name":"(anonymous_6)","decl":{"start":{"line":21,"column":56},"end":{"line":21,"column":57}},"loc":{"start":{"line":21,"column":61},"end":{"line":26,"column":9}},"line":21},"7":{"name":"(anonymous_7)","decl":{"start":{"line":31,"column":4},"end":{"line":31,"column":5}},"loc":{"start":{"line":31,"column":20},"end":{"line":33,"column":5}},"line":31},"8":{"name":"(anonymous_8)","decl":{"start":{"line":32,"column":59},"end":{"line":32,"column":60}},"loc":{"start":{"line":32,"column":64},"end":{"line":32,"column":76}},"line":32},"9":{"name":"(anonymous_9)","decl":{"start":{"line":32,"column":82},"end":{"line":32,"column":83}},"loc":{"start":{"line":32,"column":90},"end":{"line":32,"column":94}},"line":32},"10":{"name":"(anonymous_10)","decl":{"start":{"line":35,"column":4},"end":{"line":35,"column":5}},"loc":{"start":{"line":35,"column":22},"end":{"line":38,"column":5}},"line":35},"11":{"name":"(anonymous_11)","decl":{"start":{"line":40,"column":4},"end":{"line":40,"column":5}},"loc":{"start":{"line":40,"column":26},"end":{"line":42,"column":5}},"line":40}},"branchMap":{"0":{"loc":{"start":{"line":22,"column":12},"end":{"line":24,"column":13}},"type":"if","locations":[{"start":{"line":22,"column":12},"end":{"line":24,"column":13}},{"start":{},"end":{}}],"line":22},"1":{"loc":{"start":{"line":36,"column":8},"end":{"line":36,"column":52}},"type":"if","locations":[{"start":{"line":36,"column":8},"end":{"line":36,"column":52}},{"start":{},"end":{}}],"line":36}},"s":{"0":1,"1":1,"2":1,"3":2,"4":4,"5":3,"6":0,"7":0,"8":0,"9":0,"10":0,"11":1,"12":1,"13":0,"14":1,"15":0,"16":1,"17":1,"18":1},"f":{"0":1,"1":1,"2":2,"3":4,"4":3,"5":0,"6":0,"7":1,"8":1,"9":0,"10":1,"11":1},"b":{"0":[0,0],"1":[0,1]},"_coverageSchema":"1a1c01bbd47fc00a2c39e90264f33305004495a9","hash":"864001b71e59c5663b9c858c7b42e1f24b83dd29"}
,"C:\\Users\\user\\Desktop\\crud-api\\utils\\index.js": {"path":"C:\\Users\\user\\Desktop\\crud-api\\utils\\index.js","statementMap":{"0":{"start":{"line":1,"column":19},"end":{"line":1,"column":58}},"1":{"start":{"line":1,"column":28},"end":{"line":1,"column":58}},"2":{"start":{"line":3,"column":18},"end":{"line":20,"column":1}},"3":{"start":{"line":4,"column":4},"end":{"line":19,"column":7}},"4":{"start":{"line":5,"column":21},"end":{"line":5,"column":23}},"5":{"start":{"line":6,"column":8},"end":{"line":6,"column":52}},"6":{"start":{"line":6,"column":34},"end":{"line":6,"column":50}},"7":{"start":{"line":7,"column":8},"end":{"line":18,"column":10}},"8":{"start":{"line":8,"column":28},"end":{"line":8,"column":58}},"9":{"start":{"line":9,"column":30},"end":{"line":9,"column":32}},"10":{"start":{"line":11,"column":12},"end":{"line":15,"column":13}},"11":{"start":{"line":12,"column":16},"end":{"line":12,"column":49}},"12":{"start":{"line":14,"column":16},"end":{"line":14,"column":30}},"13":{"start":{"line":17,"column":12},"end":{"line":17,"column":33}},"14":{"start":{"line":22,"column":0},"end":{"line":25,"column":1}}},"fnMap":{"0":{"name":"(anonymous_0)","decl":{"start":{"line":1,"column":19},"end":{"line":1,"column":20}},"loc":{"start":{"line":1,"column":28},"end":{"line":1,"column":58}},"line":1},"1":{"name":"(anonymous_1)","decl":{"start":{"line":3,"column":18},"end":{"line":3,"column":19}},"loc":{"start":{"line":3,"column":33},"end":{"line":20,"column":1}},"line":3},"2":{"name":"(anonymous_2)","decl":{"start":{"line":4,"column":23},"end":{"line":4,"column":24}},"loc":{"start":{"line":4,"column":44},"end":{"line":19,"column":5}},"line":4},"3":{"name":"(anonymous_3)","decl":{"start":{"line":6,"column":23},"end":{"line":6,"column":24}},"loc":{"start":{"line":6,"column":34},"end":{"line":6,"column":50}},"line":6},"4":{"name":"(anonymous_4)","decl":{"start":{"line":7,"column":22},"end":{"line":7,"column":23}},"loc":{"start":{"line":7,"column":28},"end":{"line":18,"column":9}},"line":7}},"branchMap":{},"s":{"0":1,"1":2,"2":1,"3":1,"4":1,"5":1,"6":1,"7":1,"8":1,"9":1,"10":1,"11":1,"12":0,"13":1,"14":1},"f":{"0":2,"1":1,"2":1,"3":1,"4":1},"b":{},"_coverageSchema":"1a1c01bbd47fc00a2c39e90264f33305004495a9","hash":"0f5dd4b9d48f0019b0c58bcf34c7289694e7fb7f"}
,"C:\\Users\\user\\Desktop\\crud-api\\utils\\validators.js": {"path":"C:\\Users\\user\\Desktop\\crud-api\\utils\\validators.js","statementMap":{"0":{"start":{"line":1,"column":21},"end":{"line":6,"column":1}},"1":{"start":{"line":2,"column":39},"end":{"line":2,"column":43}},"2":{"start":{"line":3,"column":4},"end":{"line":3,"column":52}},"3":{"start":{"line":3,"column":39},"end":{"line":3,"column":52}},"4":{"start":{"line":4,"column":4},"end":{"line":4,"column":46}},"5":{"start":{"line":4,"column":33},"end":{"line":4,"column":46}},"6":{"start":{"line":5,"column":4},"end":{"line":5,"column":16}},"7":{"start":{"line":8,"column":0},"end":{"line":10,"column":1}}},"fnMap":{"0":{"name":"(anonymous_0)","decl":{"start":{"line":1,"column":21},"end":{"line":1,"column":22}},"loc":{"start":{"line":1,"column":31},"end":{"line":6,"column":1}},"line":1}},"branchMap":{"0":{"loc":{"start":{"line":3,"column":4},"end":{"line":3,"column":52}},"type":"if","locations":[{"start":{"line":3,"column":4},"end":{"line":3,"column":52}},{"start":{},"end":{}}],"line":3},"1":{"loc":{"start":{"line":3,"column":8},"end":{"line":3,"column":37}},"type":"binary-expr","locations":[{"start":{"line":3,"column":8},"end":{"line":3,"column":17}},{"start":{"line":3,"column":21},"end":{"line":3,"column":25}},{"start":{"line":3,"column":29},"end":{"line":3,"column":37}}],"line":3},"2":{"loc":{"start":{"line":4,"column":4},"end":{"line":4,"column":46}},"type":"if","locations":[{"start":{"line":4,"column":4},"end":{"line":4,"column":46}},{"start":{},"end":{}}],"line":4}},"s":{"0":1,"1":1,"2":1,"3":0,"4":1,"5":0,"6":1,"7":1},"f":{"0":1},"b":{"0":[0,1],"1":[1,1,1],"2":[0,1]},"_coverageSchema":"1a1c01bbd47fc00a2c39e90264f33305004495a9","hash":"84ca55f727d1a0f20ac4f6f2f44f4db6fbed7346"}
}
