TN:
SF:server.js
FN:9,(anonymous_0)
FN:11,(anonymous_1)
FN:119,(anonymous_2)
FN:122,(anonymous_3)
FNF:4
FNH:4
FNDA:8,(anonymous_0)
FNDA:8,(anonymous_1)
FNDA:1,(anonymous_2)
FNDA:8,(anonymous_3)
DA:1,1
DA:2,1
DA:3,1
DA:5,1
DA:6,1
DA:7,1
DA:9,8
DA:11,1
DA:12,8
DA:14,8
DA:17,8
DA:19,8
DA:21,8
DA:23,8
DA:24,2
DA:26,2
DA:27,0
DA:28,0
DA:30,2
DA:31,2
DA:32,2
DA:33,1
DA:34,2
DA:37,6
DA:39,2
DA:40,2
DA:42,4
DA:43,0
DA:45,0
DA:46,0
DA:47,0
DA:49,0
DA:50,0
DA:52,0
DA:53,0
DA:54,0
DA:56,0
DA:58,0
DA:60,0
DA:62,0
DA:63,0
DA:67,4
DA:68,1
DA:70,1
DA:71,0
DA:72,0
DA:75,1
DA:76,1
DA:78,1
DA:83,1
DA:85,1
DA:87,1
DA:89,0
DA:90,0
DA:94,3
DA:95,3
DA:97,3
DA:98,1
DA:99,1
DA:101,2
DA:103,2
DA:104,1
DA:105,1
DA:107,1
DA:108,1
DA:112,0
DA:113,0
DA:116,8
DA:119,1
DA:120,1
DA:122,1
DA:123,8
DA:124,8
DA:125,8
DA:126,8
DA:127,0
DA:128,0
DA:130,8
DA:131,8
DA:134,0
DA:135,0
DA:139,1
DA:142,1
LF:83
LH:57
BRDA:23,0,0,2
BRDA:23,0,1,6
BRDA:23,1,0,8
BRDA:23,1,1,5
BRDA:26,2,0,0
BRDA:26,2,1,2
BRDA:32,3,0,1
BRDA:32,3,1,1
BRDA:34,4,0,2
BRDA:34,4,1,1
BRDA:37,5,0,2
BRDA:37,5,1,4
BRDA:37,6,0,6
BRDA:37,6,1,3
BRDA:42,7,0,0
BRDA:42,7,1,4
BRDA:42,8,0,4
BRDA:42,8,1,3
BRDA:45,9,0,0
BRDA:45,9,1,0
BRDA:52,10,0,0
BRDA:52,10,1,0
BRDA:58,11,0,0
BRDA:58,11,1,0
BRDA:67,12,0,1
BRDA:67,12,1,3
BRDA:67,13,0,4
BRDA:67,13,1,1
BRDA:70,14,0,0
BRDA:70,14,1,1
BRDA:75,15,0,1
BRDA:75,15,1,0
BRDA:94,16,0,3
BRDA:94,16,1,0
BRDA:94,17,0,3
BRDA:94,17,1,3
BRDA:97,18,0,1
BRDA:97,18,1,2
BRDA:103,19,0,1
BRDA:103,19,1,1
BRDA:119,20,0,0
BRDA:120,21,0,1
BRDA:120,21,1,0
BRDA:126,22,0,0
BRDA:126,22,1,8
BRDA:135,23,0,0
BRDA:135,23,1,0
BRF:47
BRH:31
end_of_record
TN:
SF:constants\index.js
FNF:0
FNH:0
DA:1,1
DA:2,1
DA:3,1
DA:4,1
DA:6,1
DA:14,1
LF:6
LH:6
BRF:0
BRH:0
end_of_record
TN:
SF:controllers\User.js
FN:4,(anonymous_0)
FN:8,(anonymous_1)
FN:12,(anonymous_2)
FN:16,(anonymous_3)
FN:17,(anonymous_4)
FN:20,(anonymous_5)
FN:21,(anonymous_6)
FN:31,(anonymous_7)
FN:32,(anonymous_8)
FN:32,(anonymous_9)
FN:35,(anonymous_10)
FN:40,(anonymous_11)
FNF:12
FNH:9
FNDA:1,(anonymous_0)
FNDA:1,(anonymous_1)
FNDA:2,(anonymous_2)
FNDA:4,(anonymous_3)
FNDA:3,(anonymous_4)
FNDA:0,(anonymous_5)
FNDA:0,(anonymous_6)
FNDA:1,(anonymous_7)
FNDA:1,(anonymous_8)
FNDA:0,(anonymous_9)
FNDA:1,(anonymous_10)
FNDA:1,(anonymous_11)
DA:1,1
DA:5,1
DA:9,1
DA:13,2
DA:17,4
DA:21,0
DA:22,0
DA:23,0
DA:25,0
DA:28,0
DA:32,1
DA:36,1
DA:37,1
DA:41,1
DA:46,1
LF:15
LH:10
BRDA:22,0,0,0
BRDA:22,0,1,0
BRDA:36,1,0,0
BRDA:36,1,1,1
BRF:4
BRH:1
end_of_record
TN:
SF:utils\index.js
FN:1,(anonymous_0)
FN:3,(anonymous_1)
FN:4,(anonymous_2)
FN:6,(anonymous_3)
FN:7,(anonymous_4)
FNF:5
FNH:5
FNDA:2,(anonymous_0)
FNDA:1,(anonymous_1)
FNDA:1,(anonymous_2)
FNDA:1,(anonymous_3)
FNDA:1,(anonymous_4)
DA:1,2
DA:3,1
DA:4,1
DA:5,1
DA:6,1
DA:7,1
DA:8,1
DA:9,1
DA:11,1
DA:12,1
DA:14,0
DA:17,1
DA:22,1
LF:13
LH:12
BRF:0
BRH:0
end_of_record
TN:
SF:utils\validators.js
FN:1,(anonymous_0)
FNF:1
FNH:1
FNDA:1,(anonymous_0)
DA:1,1
DA:2,1
DA:3,1
DA:4,1
DA:5,1
DA:8,1
LF:6
LH:6
BRDA:3,0,0,0
BRDA:3,0,1,1
BRDA:3,1,0,1
BRDA:3,1,1,1
BRDA:3,1,2,1
BRDA:4,2,0,0
BRDA:4,2,1,1
BRF:7
BRH:5
end_of_record
